mercuryandroidsdk/app/build/intermediates/manifest_merge_blame_file/debug/manifest-merger-blame-debug-report.txt
1<?xml version="1.0" encoding="utf-8"?>
2<manifest xmlns:android="http://schemas.android.com/apk/res/android"
3    package="com.ffalcon.mercury.android.sdk"
4    android:versionCode="1"
5    android:versionName="1.0" >
6
7    <uses-sdk
8        android:minSdkVersion="31"
8-->src\main\AndroidManifest.xml
9        android:targetSdkVersion="31" />
9-->src\main\AndroidManifest.xml
10
11    <uses-permission android:name="android.permission.ACCESS_NETWORK_STATE" />
11-->src\main\AndroidManifest.xml:6:5-79
11-->src\main\AndroidManifest.xml:6:22-76
12    <uses-permission android:name="android.permission.INTERNET" />
12-->src\main\AndroidManifest.xml:7:5-67
12-->src\main\AndroidManifest.xml:7:22-64
13    <uses-permission android:name="android.permission.CAMERA" />
13-->src\main\AndroidManifest.xml:9:5-65
13-->src\main\AndroidManifest.xml:9:22-62
14    <uses-permission android:name="android.permission.RECORD_AUDIO" />
14-->src\main\AndroidManifest.xml:10:5-71
14-->src\main\AndroidManifest.xml:10:22-68
15
16    <application
16-->src\main\AndroidManifest.xml:12:5-88:19
17        android:name="com.ffalcon.mercury.android.sdk.demo.MercuryDemoApplication"
17-->src\main\AndroidManifest.xml:13:9-47
18        android:allowBackup="true"
18-->src\main\AndroidManifest.xml:14:9-35
19        android:appComponentFactory="androidx.core.app.CoreComponentFactory"
19-->[androidx.core:core:1.8.0] AndroidManifest.xml:24:18-86
20        android:dataExtractionRules="@xml/data_extraction_rules"
20-->src\main\AndroidManifest.xml:15:9-65
21        android:debuggable="true"
22        android:extractNativeLibs="false"
23        android:fullBackupContent="@xml/backup_rules"
23-->src\main\AndroidManifest.xml:16:9-54
24        android:icon="@mipmap/ic_launcher"
24-->src\main\AndroidManifest.xml:17:9-43
25        android:label="@string/app_name"
25-->src\main\AndroidManifest.xml:18:9-41
26        android:roundIcon="@mipmap/ic_launcher_round"
26-->src\main\AndroidManifest.xml:19:9-54
27        android:supportsRtl="true"
27-->src\main\AndroidManifest.xml:20:9-35
28        android:testOnly="true"
29        android:theme="@style/Theme.MercuryAndroidSDK" >
29-->src\main\AndroidManifest.xml:21:9-55
30        <meta-data
30-->src\main\AndroidManifest.xml:24:9-26:36
31            android:name="com.rayneo.mercury.app"
31-->src\main\AndroidManifest.xml:25:13-50
32            android:value="true" />
32-->src\main\AndroidManifest.xml:26:13-33
33
34        <activity
34-->src\main\AndroidManifest.xml:28:9-39:20
35            android:name="com.ffalcon.mercury.android.sdk.demo.DemoHomeActivity"
35-->src\main\AndroidManifest.xml:29:13-45
36            android:exported="true"
36-->src\main\AndroidManifest.xml:30:13-36
37            android:screenOrientation="landscape" >
37-->src\main\AndroidManifest.xml:31:13-50
38            <intent-filter>
38-->src\main\AndroidManifest.xml:32:13-38:29
39                <action android:name="android.intent.action.MAIN" />
39-->src\main\AndroidManifest.xml:33:17-69
39-->src\main\AndroidManifest.xml:33:25-66
40
41                <category android:name="android.intent.category.LAUNCHER" />
41-->src\main\AndroidManifest.xml:35:17-77
41-->src\main\AndroidManifest.xml:35:27-74
42                <category android:name="android.intent.category.HOME" />
42-->src\main\AndroidManifest.xml:36:17-73
42-->src\main\AndroidManifest.xml:36:27-70
43                <category android:name="android.intent.category.DEFAULT" />
43-->src\main\AndroidManifest.xml:37:17-76
43-->src\main\AndroidManifest.xml:37:27-73
44            </intent-filter>
45        </activity>
46        <activity
46-->src\main\AndroidManifest.xml:41:9-43:53
47            android:name="com.ffalcon.mercury.android.sdk.demo.ui.activity.DialogActivity"
47-->src\main\AndroidManifest.xml:42:13-55
48            android:screenOrientation="landscape" />
48-->src\main\AndroidManifest.xml:43:13-50
49        <activity
49-->src\main\AndroidManifest.xml:44:9-46:53
50            android:name="com.ffalcon.mercury.android.sdk.demo.ui.activity.recycle.FixedFocusPosRVActivity"
50-->src\main\AndroidManifest.xml:45:13-72
51            android:screenOrientation="landscape" />
51-->src\main\AndroidManifest.xml:46:13-50
52        <activity
52-->src\main\AndroidManifest.xml:48:9-50:53
53            android:name="com.ffalcon.mercury.android.sdk.demo.ui.activity.recycle.MovedFocusPosRVActivity"
53-->src\main\AndroidManifest.xml:49:13-72
54            android:screenOrientation="landscape" />
54-->src\main\AndroidManifest.xml:50:13-50
55        <activity
55-->src\main\AndroidManifest.xml:52:9-54:53
56            android:name="com.ffalcon.mercury.android.sdk.demo.ui.activity.FragmentDemoActivity"
56-->src\main\AndroidManifest.xml:53:13-61
57            android:screenOrientation="landscape" />
57-->src\main\AndroidManifest.xml:54:13-50
58        <activity android:name="com.ffalcon.mercury.android.sdk.demo.ui.activity.fusion.FusionVisionHomeActivity" />
58-->src\main\AndroidManifest.xml:56:9-81
58-->src\main\AndroidManifest.xml:56:19-78
59        <activity android:name="com.ffalcon.mercury.android.sdk.demo.ui.activity.fusion.FusionVisionActivity" />
59-->src\main\AndroidManifest.xml:58:9-77
59-->src\main\AndroidManifest.xml:58:19-74
60        <activity android:name="com.ffalcon.mercury.android.sdk.demo.ui.activity.fusion.MirrorContainerViewActivity" />
60-->src\main\AndroidManifest.xml:60:9-84
60-->src\main\AndroidManifest.xml:60:19-81
61        <activity android:name="com.ffalcon.mercury.android.sdk.demo.ui.activity.recycle.RecycleViewHomeActivity" />
61-->src\main\AndroidManifest.xml:62:9-81
61-->src\main\AndroidManifest.xml:62:19-78
62        <activity android:name="com.ffalcon.mercury.android.sdk.demo.ui.activity.api.APIActivity" />
62-->src\main\AndroidManifest.xml:64:9-65
62-->src\main\AndroidManifest.xml:64:19-62
63        <activity android:name="com.ffalcon.mercury.android.sdk.demo.ui.activity.camera.CameraActivity" />
63-->src\main\AndroidManifest.xml:66:9-71
63-->src\main\AndroidManifest.xml:66:19-68
64        <activity android:name="com.ffalcon.mercury.android.sdk.demo.ui.activity.tp.TPEventActivity" />
64-->src\main\AndroidManifest.xml:68:9-68
64-->src\main\AndroidManifest.xml:68:19-65
65        <activity android:name="com.ffalcon.mercury.android.sdk.demo.ui.activity.player.VideoPlayActivity" />
65-->src\main\AndroidManifest.xml:70:9-74
65-->src\main\AndroidManifest.xml:70:19-71
66        <activity android:name="com.ffalcon.mercury.android.sdk.demo.ui.activity.fusion.PAGActivity" />
66-->src\main\AndroidManifest.xml:72:9-68
66-->src\main\AndroidManifest.xml:72:19-65
67        <activity android:name="com.ffalcon.mercury.android.sdk.demo.ui.activity.api.APIHomeActivity" />
67-->src\main\AndroidManifest.xml:74:9-69
67-->src\main\AndroidManifest.xml:74:19-66
68        <activity android:name="com.ffalcon.mercury.android.sdk.demo.ui.activity.api.IMUActivity" />
68-->src\main\AndroidManifest.xml:76:9-65
68-->src\main\AndroidManifest.xml:76:19-62
69        <activity android:name="com.ffalcon.mercury.android.sdk.demo.ui.activity.camera.CameraHomeActivity" />
69-->src\main\AndroidManifest.xml:78:9-75
69-->src\main\AndroidManifest.xml:78:19-72
70        <activity android:name="com.ffalcon.mercury.android.sdk.demo.ui.activity.test.DevHomeActivity" />
70-->src\main\AndroidManifest.xml:80:9-70
70-->src\main\AndroidManifest.xml:80:19-67
71        <activity android:name="com.ffalcon.mercury.android.sdk.demo.ui.activity.test.AgentActivity" />
71-->src\main\AndroidManifest.xml:82:9-68
71-->src\main\AndroidManifest.xml:82:19-65
72        <activity android:name="com.ffalcon.mercury.android.sdk.demo.ui.activity.test.RecordActivity" />
72-->src\main\AndroidManifest.xml:84:9-69
72-->src\main\AndroidManifest.xml:84:19-66
73        <activity android:name="com.ffalcon.mercury.android.sdk.demo.ui.activity.test.PAgentActivity" />
73-->src\main\AndroidManifest.xml:86:9-69
73-->src\main\AndroidManifest.xml:86:19-66
74
75        <provider
75-->[androidx.emoji2:emoji2:1.2.0] AndroidManifest.xml:24:9-32:20
76            android:name="androidx.startup.InitializationProvider"
76-->[androidx.emoji2:emoji2:1.2.0] AndroidManifest.xml:25:13-67
77            android:authorities="com.ffalcon.mercury.android.sdk.androidx-startup"
77-->[androidx.emoji2:emoji2:1.2.0] AndroidManifest.xml:26:13-68
78            android:exported="false" >
78-->[androidx.emoji2:emoji2:1.2.0] AndroidManifest.xml:27:13-37
79            <meta-data
79-->[androidx.emoji2:emoji2:1.2.0] AndroidManifest.xml:29:13-31:52
80                android:name="androidx.emoji2.text.EmojiCompatInitializer"
80-->[androidx.emoji2:emoji2:1.2.0] AndroidManifest.xml:30:17-75
81                android:value="androidx.startup" />
81-->[androidx.emoji2:emoji2:1.2.0] AndroidManifest.xml:31:17-49
82            <meta-data
82-->[androidx.lifecycle:lifecycle-process:2.4.1] AndroidManifest.xml:31:13-33:52
83                android:name="androidx.lifecycle.ProcessLifecycleInitializer"
83-->[androidx.lifecycle:lifecycle-process:2.4.1] AndroidManifest.xml:32:17-78
84                android:value="androidx.startup" />
84-->[androidx.lifecycle:lifecycle-process:2.4.1] AndroidManifest.xml:33:17-49
85        </provider>
86
87        <service
87-->[com.google.android.datatransport:transport-backend-cct:3.1.0] AndroidManifest.xml:29:9-35:19
88            android:name="com.google.android.datatransport.runtime.backends.TransportBackendDiscovery"
88-->[com.google.android.datatransport:transport-backend-cct:3.1.0] AndroidManifest.xml:30:13-103
89            android:exported="false" >
89-->[com.google.android.datatransport:transport-backend-cct:3.1.0] AndroidManifest.xml:31:13-37
90            <meta-data
90-->[com.google.android.datatransport:transport-backend-cct:3.1.0] AndroidManifest.xml:32:13-34:39
91                android:name="backend:com.google.android.datatransport.cct.CctBackendFactory"
91-->[com.google.android.datatransport:transport-backend-cct:3.1.0] AndroidManifest.xml:33:17-94
92                android:value="cct" />
92-->[com.google.android.datatransport:transport-backend-cct:3.1.0] AndroidManifest.xml:34:17-36
93        </service>
94        <service
94-->[com.google.android.datatransport:transport-runtime:3.1.0] AndroidManifest.xml:26:9-30:19
95            android:name="com.google.android.datatransport.runtime.scheduling.jobscheduling.JobInfoSchedulerService"
95-->[com.google.android.datatransport:transport-runtime:3.1.0] AndroidManifest.xml:27:13-117
96            android:exported="false"
96-->[com.google.android.datatransport:transport-runtime:3.1.0] AndroidManifest.xml:28:13-37
97            android:permission="android.permission.BIND_JOB_SERVICE" >
97-->[com.google.android.datatransport:transport-runtime:3.1.0] AndroidManifest.xml:29:13-69
98        </service>
99
100        <receiver
100-->[com.google.android.datatransport:transport-runtime:3.1.0] AndroidManifest.xml:32:9-34:40
101            android:name="com.google.android.datatransport.runtime.scheduling.jobscheduling.AlarmManagerSchedulerBroadcastReceiver"
101-->[com.google.android.datatransport:transport-runtime:3.1.0] AndroidManifest.xml:33:13-132
102            android:exported="false" />
102-->[com.google.android.datatransport:transport-runtime:3.1.0] AndroidManifest.xml:34:13-37
103    </application>
104
105</manifest>